<?xml version="1.0" encoding="UTF-8"?>
<!-- Generated by org.testng.reporters.JUnitReportReporter -->
<testsuite hostname="Pratheep" failures="0" tests="4" name="com.TestNG.TestNG_Priority" time="0.009" errors="0" timestamp="2024-09-19T22:33:01 IST" skipped="0">
  <testcase classname="com.TestNG.TestNG_Priority" name="Browser" time="0.007"/>
  <testcase classname="com.TestNG.TestNG_Priority" name="Login" time="0.000"/>
  <testcase classname="com.TestNG.TestNG_Priority" name="ApplicationLogut" time="0.001"/>
  <testcase classname="com.TestNG.TestNG_Priority" name="CloseBrowser" time="0.001"/>
</testsuite> <!-- com.TestNG.TestNG_Priority -->
