<?xml version="1.0" encoding="UTF-8"?>
<!-- Generated by org.testng.reporters.JUnitReportReporter -->
<testsuite hostname="Pratheep" failures="0" tests="1" name="webElementsHandlingUsingTestNG.FrameDemo" time="3.889" errors="0" timestamp="2024-09-10T22:10:02 IST" skipped="0">
  <testcase classname="webElementsHandlingUsingTestNG.FrameDemo" name="nestedFrame" time="3.889"/>
</testsuite> <!-- webElementsHandlingUsingTestNG.FrameDemo -->
