<?xml version="1.0" encoding="UTF-8"?>
<!-- Generated by org.testng.reporters.JUnitReportReporter -->
<testsuite hostname="Pratheep" failures="0" tests="1" name="Assignment.registrationForm" time="43.567" errors="0" timestamp="2024-09-25T20:55:18 IST" skipped="0">
  <testcase classname="Assignment.registrationForm" name="registerformTest" time="43.567"/>
</testsuite> <!-- Assignment.registrationForm -->
