<?xml version="1.0" encoding="UTF-8"?>
<!-- Generated by org.testng.reporters.JUnitReportReporter -->
<testsuite hostname="Pratheep" failures="0" tests="1" name="capabilities.filedownload" time="5.227" errors="0" timestamp="2024-09-19T15:34:28 IST" skipped="0">
  <testcase classname="capabilities.filedownload" name="filedownloadtest" time="5.227"/>
</testsuite> <!-- capabilities.filedownload -->
