<?xml version="1.0" encoding="UTF-8"?>
<!-- Generated by org.testng.reporters.JUnitReportReporter -->
<testsuite hostname="Pratheep" failures="0" tests="1" name="webElementsHandlingUsingTestNG.NewFrame" time="6.647" errors="0" timestamp="2024-09-09T21:55:19 IST" skipped="0">
  <testcase classname="webElementsHandlingUsingTestNG.NewFrame" name="fra1" time="6.647"/>
</testsuite> <!-- webElementsHandlingUsingTestNG.NewFrame -->
