<?xml version="1.0" encoding="UTF-8"?>
<!-- Generated by org.testng.reporters.JUnitReportReporter -->
<testsuite hostname="Pratheep" failures="0" tests="1" name="webElementsHandlingUsingTestNG.NewTest" time="19.212" errors="0" timestamp="2024-09-06T22:47:19 IST" skipped="0">
  <testcase classname="webElementsHandlingUsingTestNG.NewTest" name="windowHandlingTest" time="19.212"/>
</testsuite> <!-- webElementsHandlingUsingTestNG.NewTest -->
