<?xml version="1.0" encoding="UTF-8"?>
<!-- Generated by org.testng.reporters.JUnitReportReporter -->
<testsuite hostname="Pratheep" failures="0" tests="1" name="actionClass.FileUploadUsingRobortClass" time="11.298" errors="0" timestamp="2024-09-19T07:46:17 IST" skipped="0">
  <testcase classname="actionClass.FileUploadUsingRobortClass" name="fileUploadRbt" time="11.298"/>
</testsuite> <!-- actionClass.FileUploadUsingRobortClass -->
