<?xml version="1.0" encoding="UTF-8"?>
<!-- Generated by org.testng.reporters.JUnitReportReporter -->
<testsuite hostname="Pratheep" failures="0" tests="1" name="webElementsHandlingUsingTestNG.NewFrames1" time="5.812" errors="0" timestamp="2024-09-10T21:15:06 IST" skipped="0">
  <testcase classname="webElementsHandlingUsingTestNG.NewFrames1" name="frames" time="5.812"/>
</testsuite> <!-- webElementsHandlingUsingTestNG.NewFrames1 -->
