<?xml version="1.0" encoding="UTF-8"?>
<!-- Generated by org.testng.reporters.JUnitReportReporter -->
<testsuite hostname="Pratheep" failures="0" tests="1" name="webElementsHandlingUsingTestNG.Books" time="14.979" errors="0" timestamp="2024-09-13T19:45:27 IST" skipped="0">
  <testcase classname="webElementsHandlingUsingTestNG.Books" name="listOfBooks" time="14.979"/>
</testsuite> <!-- webElementsHandlingUsingTestNG.Books -->
