<?xml version="1.0" encoding="UTF-8"?>
<!-- Generated by org.testng.reporters.JUnitReportReporter -->
<testsuite hostname="Pratheep" failures="0" tests="6" name="com.TestNG.TestNGGrouping" time="0.020" errors="0" timestamp="2024-09-19T22:59:37 IST" skipped="0">
  <testcase classname="com.TestNG.TestNGGrouping" name="projectStarted" time="0.002"/>
  <testcase classname="com.TestNG.TestNGGrouping" name="setStatus" time="0.001"/>
  <testcase classname="com.TestNG.TestNGGrouping" name="setAddress" time="0.001"/>
  <testcase classname="com.TestNG.TestNGGrouping" name="setDepartment" time="0.001"/>
  <testcase classname="com.TestNG.TestNGGrouping" name="openApplication" time="0.014"/>
  <testcase classname="com.TestNG.TestNGGrouping" name="setEmpId" time="0.001"/>
</testsuite> <!-- com.TestNG.TestNGGrouping -->
