<?xml version="1.0" encoding="UTF-8"?>
<!-- Generated by org.testng.reporters.JUnitReportReporter -->
<testsuite hostname="Pratheep" failures="0" tests="1" name="com.TestNG.Annotation.B" time="0.002" errors="0" timestamp="2024-09-26T20:48:25 IST" skipped="0">
  <testcase classname="com.TestNG.Annotation.B" name="test2" time="0.002"/>
</testsuite> <!-- com.TestNG.Annotation.B -->
