<?xml version="1.0" encoding="UTF-8"?>
<!-- Generated by org.testng.reporters.JUnitReportReporter -->
<testsuite hostname="Pratheep" failures="0" tests="1" name="com.TestNG_Frame_TestData.TestData" time="0.008" errors="0" timestamp="2024-09-19T23:22:13 IST" skipped="0">
  <testcase classname="com.TestNG_Frame_TestData.TestData" name="Test1" time="0.008"/>
</testsuite> <!-- com.TestNG_Frame_TestData.TestData -->
