<?xml version="1.0" encoding="UTF-8"?>
<!-- Generated by org.testng.reporters.JUnitReportReporter -->
<testsuite hostname="Pratheep" failures="0" tests="6" name="com.TestNG.TestNG_enable" time="0.006" errors="0" timestamp="2024-09-19T22:33:01 IST" skipped="1">
  <testcase classname="com.TestNG.TestNG_enable" name="Browser" time="0.002"/>
  <testcase classname="com.TestNG.TestNG_enable" name="Login" time="0.001"/>
  <testcase classname="com.TestNG.TestNG_enable" name="Login" time="0.001"/>
  <testcase classname="com.TestNG.TestNG_enable" name="Login" time="0.002"/>
  <testcase classname="com.TestNG.TestNG_enable" name="ApplicationLogut" time="0.000"/>
  <testcase classname="com.TestNG.TestNG_enable" name="CloseBrowser">
    <skipped/>
  </testcase> <!-- CloseBrowser -->
</testsuite> <!-- com.TestNG.TestNG_enable -->
