<?xml version="1.0" encoding="UTF-8"?>
<!-- Generated by org.testng.reporters.JUnitReportReporter -->
<testsuite hostname="Pratheep" failures="0" tests="1" name="webElementsHandlingUsingTestNG.MouseAct" time="7.487" errors="0" timestamp="2024-09-18T23:36:20 IST" skipped="0">
  <testcase classname="webElementsHandlingUsingTestNG.MouseAct" name="MouseTest" time="7.487"/>
</testsuite> <!-- webElementsHandlingUsingTestNG.MouseAct -->
