<?xml version="1.0" encoding="UTF-8"?>
<!-- Generated by org.testng.reporters.JUnitReportReporter -->
<testsuite hostname="Pratheep" failures="0" tests="1" name="ExplicitWait.Wait" time="7.396" errors="0" timestamp="2024-09-18T06:45:18 IST" skipped="0">
  <testcase classname="ExplicitWait.Wait" name="eWait" time="7.396"/>
</testsuite> <!-- ExplicitWait.Wait -->
