<?xml version="1.0" encoding="UTF-8"?>
<!-- Generated by org.testng.reporters.JUnitReportReporter -->
<testsuite hostname="Pratheep" failures="0" tests="1" name="webElementsHandlingUsingTestNG.javaScriptExecutor" time="21.327" errors="0" timestamp="2024-09-12T20:23:17 IST" skipped="0">
  <testcase classname="webElementsHandlingUsingTestNG.javaScriptExecutor" name="testExecutor" time="21.327"/>
</testsuite> <!-- webElementsHandlingUsingTestNG.javaScriptExecutor -->
