<?xml version="1.0" encoding="UTF-8"?>
<!-- Generated by org.testng.reporters.JUnitReportReporter -->
<testsuite hostname="Pratheep" failures="0" tests="1" name="webElementsHandlingUsingTestNG.Gobibocalender" time="9.839" errors="0" timestamp="2024-09-13T19:33:00 IST" skipped="0">
  <testcase classname="webElementsHandlingUsingTestNG.Gobibocalender" name="testDatePicker" time="9.839"/>
</testsuite> <!-- webElementsHandlingUsingTestNG.Gobibocalender -->
