<?xml version="1.0" encoding="UTF-8"?>
<!-- Generated by org.testng.reporters.JUnitReportReporter -->
<testsuite hostname="Pratheep" failures="0" tests="3" name="Assignment.LoginPageTest" time="2.268" errors="0" timestamp="2024-09-26T18:28:46 IST" skipped="0">
  <testcase classname="Assignment.LoginPageTest" name="validateUrl" time="0.016"/>
  <testcase classname="Assignment.LoginPageTest" name="validateTitle" time="0.013"/>
  <testcase classname="Assignment.LoginPageTest" name="validateLogin" time="2.239"/>
</testsuite> <!-- Assignment.LoginPageTest -->
