<?xml version="1.0" encoding="UTF-8"?>
<!-- Generated by org.testng.reporters.JUnitReportReporter -->
<testsuite hostname="Pratheep" failures="0" tests="1" name="webElementsHandlingUsingTestNG.DoubleClick" time="5.109" errors="0" timestamp="2024-09-19T00:52:07 IST" skipped="0">
  <testcase classname="webElementsHandlingUsingTestNG.DoubleClick" name="doubleClickTest" time="5.109"/>
</testsuite> <!-- webElementsHandlingUsingTestNG.DoubleClick -->
