<?xml version="1.0" encoding="UTF-8"?>
<!-- Generated by org.testng.reporters.JUnitReportReporter -->
<testsuite hostname="Pratheep" failures="0" tests="1" name="webElementsHandlingUsingTestNG.MouseOver" time="29.409" errors="0" timestamp="2024-09-19T01:08:46 IST" skipped="0">
  <testcase classname="webElementsHandlingUsingTestNG.MouseOver" name="MouseOverTest" time="29.409"/>
</testsuite> <!-- webElementsHandlingUsingTestNG.MouseOver -->
