<?xml version="1.0" encoding="UTF-8"?>
<!-- Generated by org.testng.reporters.JUnitReportReporter -->
<testsuite hostname="Pratheep" failures="0" tests="1" name="ExplicitWait.DynamicLoading" time="36.113" errors="0" timestamp="2024-09-18T08:21:17 IST" skipped="0">
  <testcase classname="ExplicitWait.DynamicLoading" name="testWebDriverWait" time="36.113"/>
</testsuite> <!-- ExplicitWait.DynamicLoading -->
