<?xml version="1.0" encoding="UTF-8"?>
<!-- Generated by org.testng.reporters.JUnitReportReporter -->
<testsuite hostname="Pratheep" failures="0" tests="2" name="webElementsHandlingUsingTestNG.NewWindowHandling" time="11.715" errors="0" timestamp="2024-09-07T01:22:33 IST" skipped="0">
  <testcase classname="webElementsHandlingUsingTestNG.NewWindowHandling" name="newTab" time="8.020"/>
  <testcase classname="webElementsHandlingUsingTestNG.NewWindowHandling" name="newWindow" time="3.695"/>
</testsuite> <!-- webElementsHandlingUsingTestNG.NewWindowHandling -->
