<?xml version="1.0" encoding="UTF-8"?>
<!-- Generated by org.testng.reporters.JUnitReportReporter -->
<testsuite hostname="Pratheep" failures="0" tests="1" name="webElementsHandlingUsingTestNG.webTableHandle" time="10.423" errors="0" timestamp="2024-09-18T21:35:18 IST" skipped="0">
  <testcase classname="webElementsHandlingUsingTestNG.webTableHandle" name="tableHan" time="10.423"/>
</testsuite> <!-- webElementsHandlingUsingTestNG.webTableHandle -->
