<?xml version="1.0" encoding="UTF-8"?>
<!-- Generated by org.testng.reporters.JUnitReportReporter -->
<testsuite hostname="Pratheep" failures="0" tests="1" name="webElementsHandlingUsingTestNG.Slider" time="6.874" errors="0" timestamp="2024-09-19T02:15:07 IST" skipped="0">
  <testcase classname="webElementsHandlingUsingTestNG.Slider" name="sliderTest" time="6.874"/>
</testsuite> <!-- webElementsHandlingUsingTestNG.Slider -->
