<?xml version="1.0" encoding="UTF-8"?>
<!-- Generated by org.testng.reporters.JUnitReportReporter -->
<testsuite hostname="Pratheep" failures="0" tests="1" name="capabilities.incognito" time="4.162" errors="0" timestamp="2024-09-19T08:25:02 IST" skipped="0">
  <testcase classname="capabilities.incognito" name="incognitotest" time="4.162"/>
</testsuite> <!-- capabilities.incognito -->
