<?xml version="1.0" encoding="UTF-8"?>
<!-- Generated by org.testng.reporters.JUnitReportReporter -->
<testsuite hostname="Pratheep" failures="0" tests="3" name="com.TestNG.Annotation.CRM" time="2.671" errors="0" timestamp="2024-09-26T21:40:55 IST" skipped="0">
  <testcase classname="com.TestNG.Annotation.CRM" name="SignIN" time="0.444"/>
  <testcase classname="com.TestNG.Annotation.CRM" name="Login" time="0.544"/>
  <testcase classname="com.TestNG.Annotation.CRM" name="Logout" time="1.683"/>
</testsuite> <!-- com.TestNG.Annotation.CRM -->
