<?xml version="1.0" encoding="UTF-8"?>
<!-- Generated by org.testng.reporters.JUnitReportReporter -->
<testsuite hostname="Pratheep" failures="0" tests="1" name="com.TestNG_Frame_TestData.HRMReadingfromPropertiesFile" time="39.728" errors="0" timestamp="2024-09-25T20:59:33 IST" skipped="0">
  <testcase classname="com.TestNG_Frame_TestData.HRMReadingfromPropertiesFile" name="f" time="39.728"/>
</testsuite> <!-- com.TestNG_Frame_TestData.HRMReadingfromPropertiesFile -->
