<?xml version="1.0" encoding="UTF-8"?>
<!-- Generated by org.testng.reporters.JUnitReportReporter -->
<testsuite hostname="Pratheep" failures="0" tests="1" name="webElementsHandlingUsingTestNG.DragDrop" time="3.921" errors="0" timestamp="2024-09-19T01:18:47 IST" skipped="0">
  <testcase classname="webElementsHandlingUsingTestNG.DragDrop" name="dragDropTest" time="3.921"/>
</testsuite> <!-- webElementsHandlingUsingTestNG.DragDrop -->
