<?xml version="1.0" encoding="UTF-8"?>
<!-- Generated by org.testng.reporters.JUnitReportReporter -->
<testsuite hostname="Pratheep" failures="0" tests="1" name="actionClass.FileUpload" time="8.077" errors="0" timestamp="2024-09-19T07:13:06 IST" skipped="0">
  <testcase classname="actionClass.FileUpload" name="fileUploadTest" time="8.077"/>
</testsuite> <!-- actionClass.FileUpload -->
