<?xml version="1.0" encoding="UTF-8"?>
<!-- Generated by org.testng.reporters.JUnitReportReporter -->
<testsuite hostname="Pratheep" failures="0" tests="1" name="webElementsHandlingUsingTestNG.PaginationWebTable" time="8.735" errors="0" timestamp="2024-09-18T21:54:09 IST" skipped="0">
  <testcase classname="webElementsHandlingUsingTestNG.PaginationWebTable" name="TestTable" time="8.735"/>
</testsuite> <!-- webElementsHandlingUsingTestNG.PaginationWebTable -->
