<?xml version="1.0" encoding="UTF-8"?>
<!-- Generated by org.testng.reporters.JUnitReportReporter -->
<testsuite hostname="Pratheep" failures="0" tests="6" name="com.TestNG.TestNG_InvocationCount" time="0.003" errors="0" timestamp="2024-09-19T22:33:01 IST" skipped="0">
  <testcase classname="com.TestNG.TestNG_InvocationCount" name="Browser" time="0.001"/>
  <testcase classname="com.TestNG.TestNG_InvocationCount" name="Login" time="0.001"/>
  <testcase classname="com.TestNG.TestNG_InvocationCount" name="Login" time="0.000"/>
  <testcase classname="com.TestNG.TestNG_InvocationCount" name="Login" time="0.000"/>
  <testcase classname="com.TestNG.TestNG_InvocationCount" name="ApplicationLogut" time="0.000"/>
  <testcase classname="com.TestNG.TestNG_InvocationCount" name="CloseBrowser" time="0.001"/>
</testsuite> <!-- com.TestNG.TestNG_InvocationCount -->
