<?xml version="1.0" encoding="UTF-8"?>
<!-- Generated by org.testng.reporters.JUnitReportReporter -->
<testsuite hostname="Pratheep" failures="0" tests="1" name="webElementsHandlingUsingTestNG.Resizeable" time="3.993" errors="0" timestamp="2024-09-19T02:22:00 IST" skipped="0">
  <testcase classname="webElementsHandlingUsingTestNG.Resizeable" name="sliderTest" time="3.993"/>
</testsuite> <!-- webElementsHandlingUsingTestNG.Resizeable -->
