<?xml version="1.0" encoding="UTF-8"?>
<!-- Generated by org.testng.reporters.JUnitReportReporter -->
<testsuite hostname="Pratheep" failures="0" tests="1" name="ExplicitWait.FluentWaitsc" time="13.119" errors="0" timestamp="2024-09-18T20:20:18 IST" skipped="0">
  <testcase classname="ExplicitWait.FluentWaitsc" name="fluentTest" time="13.119"/>
</testsuite> <!-- ExplicitWait.FluentWaitsc -->
