<?xml version="1.0" encoding="UTF-8"?>
<!-- Generated by org.testng.reporters.JUnitReportReporter -->
<testsuite hostname="Pratheep" failures="0" tests="1" name="webElementsHandlingUsingTestNG.alert" time="5.353" errors="0" timestamp="2024-09-04T20:20:13 IST" skipped="0">
  <testcase classname="webElementsHandlingUsingTestNG.alert" name="testcase1" time="5.353"/>
</testsuite> <!-- webElementsHandlingUsingTestNG.alert -->
