<?xml version="1.0" encoding="UTF-8"?>
<!-- Generated by org.testng.reporters.JUnitReportReporter -->
<testsuite hostname="Pratheep" failures="0" tests="1" name="webElementsHandlingUsingTestNG.JavascriptUtility" time="6.377" errors="0" timestamp="2024-09-12T20:34:02 IST" skipped="0">
  <testcase classname="webElementsHandlingUsingTestNG.JavascriptUtility" name="f" time="6.377"/>
</testsuite> <!-- webElementsHandlingUsingTestNG.JavascriptUtility -->
