<?xml version="1.0" encoding="UTF-8"?>
<!-- Generated by org.testng.reporters.JUnitReportReporter -->
<testsuite hostname="Pratheep" failures="0" tests="1" name="com.TestNG.Annotation.A" time="0.006" errors="0" timestamp="2024-09-26T20:48:25 IST" skipped="0">
  <testcase classname="com.TestNG.Annotation.A" name="test1" time="0.006"/>
</testsuite> <!-- com.TestNG.Annotation.A -->
