<?xml version="1.0" encoding="UTF-8"?>
<!-- Generated by org.testng.reporters.JUnitReportReporter -->
<testsuite hostname="Pratheep" failures="0" tests="1" name="com.TestNG_Frame_TestData.ReadingfromPropertyfile" time="0.009" errors="0" timestamp="2024-09-20T21:04:36 IST" skipped="0">
  <testcase classname="com.TestNG_Frame_TestData.ReadingfromPropertyfile" name="testFile" time="0.009"/>
</testsuite> <!-- com.TestNG_Frame_TestData.ReadingfromPropertyfile -->
