<?xml version="1.0" encoding="UTF-8"?>
<!-- Generated by org.testng.reporters.JUnitReportReporter -->
<testsuite hostname="Pratheep" failures="0" tests="1" name="Assignment.Screenshot" time="6.792" errors="0" timestamp="2024-09-26T18:58:12 IST" skipped="0">
  <testcase classname="Assignment.Screenshot" name="test" time="6.792"/>
</testsuite> <!-- Assignment.Screenshot -->
