<?xml version="1.0" encoding="UTF-8"?>
<!-- Generated by org.testng.reporters.JUnitReportReporter -->
<testsuite hostname="Pratheep" failures="0" tests="1" name="com.TestNG_Frame_TestData.HRM" time="11.411" errors="0" timestamp="2024-09-20T06:57:11 IST" skipped="0">
  <testcase classname="com.TestNG_Frame_TestData.HRM" name="hrmApplication" time="11.411"/>
</testsuite> <!-- com.TestNG_Frame_TestData.HRM -->
