<?xml version="1.0" encoding="UTF-8"?>
<!-- Generated by org.testng.reporters.JUnitReportReporter -->
<testsuite hostname="Pratheep" failures="0" tests="1" name="webElementsHandlingUsingTestNG.AuthenticationAlert" time="5.660" errors="0" timestamp="2024-09-04T20:44:55 IST" skipped="0">
  <testcase classname="webElementsHandlingUsingTestNG.AuthenticationAlert" name="testCase2" time="5.660"/>
</testsuite> <!-- webElementsHandlingUsingTestNG.AuthenticationAlert -->
