<?xml version="1.0" encoding="UTF-8"?>
<!-- Generated by org.testng.reporters.JUnitReportReporter -->
<testsuite hostname="Pratheep" failures="0" tests="1" name="webElementsHandlingUsingTestNG.WindowHandling" time="16.193" errors="0" timestamp="2024-09-06T22:54:03 IST" skipped="0">
  <testcase classname="webElementsHandlingUsingTestNG.WindowHandling" name="test" time="16.193"/>
</testsuite> <!-- webElementsHandlingUsingTestNG.WindowHandling -->
