<?xml version="1.0" encoding="UTF-8"?>
<!-- Generated by org.testng.reporters.JUnitReportReporter -->
<testsuite hostname="Pratheep" failures="0" tests="1" name="webElementsHandlingUsingTestNG.Calender" time="9.751" errors="0" timestamp="2024-09-12T22:20:29 IST" skipped="0">
  <testcase classname="webElementsHandlingUsingTestNG.Calender" name="f" time="9.751"/>
</testsuite> <!-- webElementsHandlingUsingTestNG.Calender -->
