<?xml version="1.0" encoding="UTF-8"?>
<!-- Generated by org.testng.reporters.JUnitReportReporter -->
<testsuite hostname="Pratheep" failures="0" tests="1" name="webElementsHandlingUsingTestNG.ToolTip" time="4.058" errors="0" timestamp="2024-09-19T02:01:49 IST" skipped="0">
  <testcase classname="webElementsHandlingUsingTestNG.ToolTip" name="ToolTipTest" time="4.058"/>
</testsuite> <!-- webElementsHandlingUsingTestNG.ToolTip -->
