<?xml version="1.0" encoding="UTF-8"?>
<!-- Generated by org.testng.reporters.JUnitReportReporter -->
<testsuite hostname="Pratheep" failures="0" tests="2" name="com.TestNG.TestNGdemo1" time="0.001" errors="0" timestamp="2024-09-19T22:33:01 IST" skipped="0">
  <testcase classname="com.TestNG.TestNGdemo1" name="test2" time="0.000"/>
  <testcase classname="com.TestNG.TestNGdemo1" name="test1" time="0.001"/>
</testsuite> <!-- com.TestNG.TestNGdemo1 -->
