<?xml version="1.0" encoding="UTF-8"?>
<!-- Generated by org.testng.reporters.JUnitReportReporter -->
<testsuite hostname="Pratheep" failures="0" tests="4" name="com.TestNG.Annotation.annotationDemo1" time="0.021" errors="0" timestamp="2024-09-25T22:10:03 IST" skipped="0">
  <testcase classname="com.TestNG.Annotation.annotationDemo1" name="test2" time="0.003"/>
  <testcase classname="com.TestNG.Annotation.annotationDemo1" name="test4" time="0.002"/>
  <testcase classname="com.TestNG.Annotation.annotationDemo1" name="test1" time="0.011"/>
  <testcase classname="com.TestNG.Annotation.annotationDemo1" name="test3" time="0.005"/>
</testsuite> <!-- com.TestNG.Annotation.annotationDemo1 -->
